<?xml version="1.0" encoding="UTF-8"?>
<testng-results ignored="0" total="1" passed="1" failed="0" skipped="0">
  <reporter-output>
  </reporter-output>
  <suite started-at="2024-03-15T18:02:39 PST" name="Suite" finished-at="2024-03-15T18:02:45 PST" duration-ms="6181">
    <groups>
    </groups>
    <test started-at="2024-03-15T18:02:39 PST" name="RegisterNewTrainer" finished-at="2024-03-15T18:02:45 PST" duration-ms="6181">
      <class name="roi.live.project.RegisterNewTrainer">
        <test-method is-config="true" signature="setup()[pri:0, instance:roi.live.project.RegisterNewTrainer@2667f029]" started-at="2024-03-15T18:02:39 PST" name="setup" finished-at="2024-03-15T18:02:45 PST" duration-ms="5838" status="PASS">
          <reporter-output>
          </reporter-output>
        </test-method> <!-- setup -->
        <test-method signature="RegisterTest()[pri:0, instance:roi.live.project.RegisterNewTrainer@2667f029]" started-at="2024-03-15T18:02:45 PST" name="RegisterTest" finished-at="2024-03-15T18:02:45 PST" duration-ms="4" status="PASS">
          <reporter-output>
          </reporter-output>
        </test-method> <!-- RegisterTest -->
        <test-method is-config="true" signature="tearDown()[pri:0, instance:roi.live.project.RegisterNewTrainer@2667f029]" started-at="2024-03-15T18:02:45 PST" name="tearDown" finished-at="2024-03-15T18:02:45 PST" duration-ms="176" status="PASS">
          <reporter-output>
          </reporter-output>
        </test-method> <!-- tearDown -->
      </class> <!-- roi.live.project.RegisterNewTrainer -->
    </test> <!-- RegisterNewTrainer -->
  </suite> <!-- Suite -->
</testng-results>
